{"/home/logan/repos/JavaScript/ResidencialFlorenApi/src/app/models/counter.model.js": {"path":"/home/logan/repos/JavaScript/ResidencialFlorenApi/src/app/models/counter.model.js","statementMap":{"0":{"start":{"line":1,"column":17},"end":{"line":1,"column":42}},"1":{"start":{"line":3,"column":22},"end":{"line":6,"column":2}},"2":{"start":{"line":7,"column":16},"end":{"line":7,"column":56}},"3":{"start":{"line":9,"column":0},"end":{"line":9,"column":24}}},"fnMap":{},"branchMap":{},"s":{"0":1,"1":1,"2":1,"3":1},"f":{},"b":{},"_coverageSchema":"1a1c01bbd47fc00a2c39e90264f33305004495a9","hash":"a8a7254ce23e5a13f5d6bf7450558dc020f737c6"}
,"/home/logan/repos/JavaScript/ResidencialFlorenApi/src/app/models/oncall.model.js": {"path":"/home/logan/repos/JavaScript/ResidencialFlorenApi/src/app/models/oncall.model.js","statementMap":{"0":{"start":{"line":1,"column":17},"end":{"line":1,"column":42}},"1":{"start":{"line":3,"column":21},"end":{"line":24,"column":2}},"2":{"start":{"line":26,"column":15},"end":{"line":26,"column":53}},"3":{"start":{"line":28,"column":0},"end":{"line":28,"column":23}}},"fnMap":{},"branchMap":{},"s":{"0":1,"1":1,"2":1,"3":1},"f":{},"b":{},"_coverageSchema":"1a1c01bbd47fc00a2c39e90264f33305004495a9","hash":"b936ab24c7bd7ce48ac76dac205dfeacec4522c8"}
,"/home/logan/repos/JavaScript/ResidencialFlorenApi/src/app/repositories/counter.repo.js": {"path":"/home/logan/repos/JavaScript/ResidencialFlorenApi/src/app/repositories/counter.repo.js","statementMap":{"0":{"start":{"line":1,"column":21},"end":{"line":1,"column":55}},"1":{"start":{"line":3,"column":17},"end":{"line":3,"column":64}},"2":{"start":{"line":3,"column":31},"end":{"line":3,"column":64}},"3":{"start":{"line":4,"column":15},"end":{"line":4,"column":81}},"4":{"start":{"line":4,"column":42},"end":{"line":4,"column":81}},"5":{"start":{"line":6,"column":0},"end":{"line":9,"column":1}}},"fnMap":{"0":{"name":"(anonymous_0)","decl":{"start":{"line":3,"column":17},"end":{"line":3,"column":18}},"loc":{"start":{"line":3,"column":31},"end":{"line":3,"column":64}},"line":3},"1":{"name":"(anonymous_1)","decl":{"start":{"line":4,"column":15},"end":{"line":4,"column":16}},"loc":{"start":{"line":4,"column":42},"end":{"line":4,"column":81}},"line":4}},"branchMap":{},"s":{"0":1,"1":1,"2":3,"3":1,"4":0,"5":1},"f":{"0":3,"1":0},"b":{},"_coverageSchema":"1a1c01bbd47fc00a2c39e90264f33305004495a9","hash":"c74bb0e1577b21070a5c74339370b32e9c48a40c"}
,"/home/logan/repos/JavaScript/ResidencialFlorenApi/src/app/repositories/oncall.repo.js": {"path":"/home/logan/repos/JavaScript/ResidencialFlorenApi/src/app/repositories/oncall.repo.js","statementMap":{"0":{"start":{"line":1,"column":20},"end":{"line":1,"column":53}},"1":{"start":{"line":3,"column":15},"end":{"line":3,"column":63}},"2":{"start":{"line":3,"column":35},"end":{"line":3,"column":63}},"3":{"start":{"line":5,"column":15},"end":{"line":6,"column":30}},"4":{"start":{"line":5,"column":42},"end":{"line":6,"column":30}},"5":{"start":{"line":8,"column":16},"end":{"line":8,"column":55}},"6":{"start":{"line":8,"column":30},"end":{"line":8,"column":55}},"7":{"start":{"line":10,"column":15},"end":{"line":11,"column":25}},"8":{"start":{"line":10,"column":27},"end":{"line":11,"column":25}},"9":{"start":{"line":13,"column":16},"end":{"line":14,"column":25}},"10":{"start":{"line":13,"column":30},"end":{"line":14,"column":25}},"11":{"start":{"line":16,"column":18},"end":{"line":17,"column":25}},"12":{"start":{"line":16,"column":34},"end":{"line":17,"column":25}},"13":{"start":{"line":19,"column":20},"end":{"line":20,"column":25}},"14":{"start":{"line":19,"column":38},"end":{"line":20,"column":25}},"15":{"start":{"line":22,"column":20},"end":{"line":24,"column":39}},"16":{"start":{"line":22,"column":36},"end":{"line":24,"column":39}},"17":{"start":{"line":26,"column":0},"end":{"line":35,"column":1}}},"fnMap":{"0":{"name":"(anonymous_0)","decl":{"start":{"line":3,"column":15},"end":{"line":3,"column":16}},"loc":{"start":{"line":3,"column":35},"end":{"line":3,"column":63}},"line":3},"1":{"name":"(anonymous_1)","decl":{"start":{"line":5,"column":15},"end":{"line":5,"column":16}},"loc":{"start":{"line":5,"column":42},"end":{"line":6,"column":30}},"line":5},"2":{"name":"(anonymous_2)","decl":{"start":{"line":8,"column":16},"end":{"line":8,"column":17}},"loc":{"start":{"line":8,"column":30},"end":{"line":8,"column":55}},"line":8},"3":{"name":"(anonymous_3)","decl":{"start":{"line":10,"column":15},"end":{"line":10,"column":16}},"loc":{"start":{"line":10,"column":27},"end":{"line":11,"column":25}},"line":10},"4":{"name":"(anonymous_4)","decl":{"start":{"line":13,"column":16},"end":{"line":13,"column":17}},"loc":{"start":{"line":13,"column":30},"end":{"line":14,"column":25}},"line":13},"5":{"name":"(anonymous_5)","decl":{"start":{"line":16,"column":18},"end":{"line":16,"column":19}},"loc":{"start":{"line":16,"column":34},"end":{"line":17,"column":25}},"line":16},"6":{"name":"(anonymous_6)","decl":{"start":{"line":19,"column":20},"end":{"line":19,"column":21}},"loc":{"start":{"line":19,"column":38},"end":{"line":20,"column":25}},"line":19},"7":{"name":"(anonymous_7)","decl":{"start":{"line":22,"column":20},"end":{"line":22,"column":21}},"loc":{"start":{"line":22,"column":36},"end":{"line":24,"column":39}},"line":22}},"branchMap":{},"s":{"0":1,"1":1,"2":0,"3":1,"4":0,"5":1,"6":0,"7":1,"8":0,"9":1,"10":0,"11":1,"12":0,"13":1,"14":0,"15":1,"16":0,"17":1},"f":{"0":0,"1":0,"2":0,"3":0,"4":0,"5":0,"6":0,"7":0},"b":{},"_coverageSchema":"1a1c01bbd47fc00a2c39e90264f33305004495a9","hash":"579df057a0632469976aa6ea59185db79d01e2ff"}
,"/home/logan/repos/JavaScript/ResidencialFlorenApi/src/app/services/onCall.js": {"path":"/home/logan/repos/JavaScript/ResidencialFlorenApi/src/app/services/onCall.js","statementMap":{"0":{"start":{"line":1,"column":25},"end":{"line":1,"column":63}},"1":{"start":{"line":2,"column":26},"end":{"line":2,"column":65}},"2":{"start":{"line":3,"column":27},"end":{"line":3,"column":58}},"3":{"start":{"line":4,"column":63},"end":{"line":4,"column":93}},"4":{"start":{"line":6,"column":21},"end":{"line":10,"column":26}},"5":{"start":{"line":6,"column":32},"end":{"line":10,"column":25}},"6":{"start":{"line":12,"column":20},"end":{"line":24,"column":1}},"7":{"start":{"line":13,"column":2},"end":{"line":23,"column":3}},"8":{"start":{"line":14,"column":25},"end":{"line":18,"column":11}},"9":{"start":{"line":20,"column":4},"end":{"line":20,"column":19}},"10":{"start":{"line":22,"column":4},"end":{"line":22,"column":67}},"11":{"start":{"line":26,"column":22},"end":{"line":44,"column":1}},"12":{"start":{"line":27,"column":15},"end":{"line":27,"column":61}},"13":{"start":{"line":28,"column":19},"end":{"line":28,"column":42}},"14":{"start":{"line":29,"column":2},"end":{"line":43,"column":3}},"15":{"start":{"line":30,"column":4},"end":{"line":30,"column":51}},"16":{"start":{"line":30,"column":40},"end":{"line":30,"column":51}},"17":{"start":{"line":32,"column":4},"end":{"line":36,"column":5}},"18":{"start":{"line":33,"column":24},"end":{"line":33,"column":36}},"19":{"start":{"line":34,"column":6},"end":{"line":34,"column":90}},"20":{"start":{"line":35,"column":6},"end":{"line":35,"column":22}},"21":{"start":{"line":38,"column":4},"end":{"line":38,"column":94}},"22":{"start":{"line":40,"column":4},"end":{"line":40,"column":26}},"23":{"start":{"line":42,"column":4},"end":{"line":42,"column":31}},"24":{"start":{"line":46,"column":21},"end":{"line":53,"column":2}},"25":{"start":{"line":46,"column":37},"end":{"line":53,"column":2}},"26":{"start":{"line":55,"column":22},"end":{"line":80,"column":1}},"27":{"start":{"line":56,"column":2},"end":{"line":56,"column":26}},"28":{"start":{"line":58,"column":2},"end":{"line":79,"column":3}},"29":{"start":{"line":59,"column":20},"end":{"line":61,"column":5}},"30":{"start":{"line":63,"column":20},"end":{"line":66,"column":6}},"31":{"start":{"line":68,"column":22},"end":{"line":68,"column":50}},"32":{"start":{"line":70,"column":4},"end":{"line":74,"column":5}},"33":{"start":{"line":71,"column":6},"end":{"line":73,"column":8}},"34":{"start":{"line":76,"column":4},"end":{"line":76,"column":59}},"35":{"start":{"line":78,"column":4},"end":{"line":78,"column":31}},"36":{"start":{"line":82,"column":21},"end":{"line":94,"column":1}},"37":{"start":{"line":83,"column":2},"end":{"line":93,"column":3}},"38":{"start":{"line":84,"column":22},"end":{"line":85,"column":73}},"39":{"start":{"line":88,"column":4},"end":{"line":90,"column":48}},"40":{"start":{"line":92,"column":4},"end":{"line":92,"column":72}},"41":{"start":{"line":96,"column":24},"end":{"line":96,"column":92}},"42":{"start":{"line":96,"column":30},"end":{"line":96,"column":92}},"43":{"start":{"line":98,"column":0},"end":{"line":100,"column":1}}},"fnMap":{"0":{"name":"(anonymous_0)","decl":{"start":{"line":6,"column":21},"end":{"line":6,"column":22}},"loc":{"start":{"line":6,"column":32},"end":{"line":10,"column":25}},"line":6},"1":{"name":"(anonymous_1)","decl":{"start":{"line":12,"column":20},"end":{"line":12,"column":21}},"loc":{"start":{"line":12,"column":36},"end":{"line":24,"column":1}},"line":12},"2":{"name":"(anonymous_2)","decl":{"start":{"line":26,"column":22},"end":{"line":26,"column":23}},"loc":{"start":{"line":26,"column":38},"end":{"line":44,"column":1}},"line":26},"3":{"name":"(anonymous_3)","decl":{"start":{"line":46,"column":21},"end":{"line":46,"column":22}},"loc":{"start":{"line":46,"column":37},"end":{"line":53,"column":2}},"line":46},"4":{"name":"(anonymous_4)","decl":{"start":{"line":55,"column":22},"end":{"line":55,"column":23}},"loc":{"start":{"line":55,"column":44},"end":{"line":80,"column":1}},"line":55},"5":{"name":"(anonymous_5)","decl":{"start":{"line":82,"column":21},"end":{"line":82,"column":22}},"loc":{"start":{"line":82,"column":46},"end":{"line":94,"column":1}},"line":82},"6":{"name":"(anonymous_6)","decl":{"start":{"line":96,"column":24},"end":{"line":96,"column":25}},"loc":{"start":{"line":96,"column":30},"end":{"line":96,"column":92}},"line":96}},"branchMap":{"0":{"loc":{"start":{"line":6,"column":32},"end":{"line":10,"column":25}},"type":"binary-expr","locations":[{"start":{"line":6,"column":32},"end":{"line":10,"column":7}},{"start":{"line":10,"column":11},"end":{"line":10,"column":25}}],"line":6},"1":{"loc":{"start":{"line":30,"column":4},"end":{"line":30,"column":51}},"type":"if","locations":[{"start":{"line":30,"column":4},"end":{"line":30,"column":51}},{"start":{"line":30,"column":4},"end":{"line":30,"column":51}}],"line":30},"2":{"loc":{"start":{"line":32,"column":4},"end":{"line":36,"column":5}},"type":"if","locations":[{"start":{"line":32,"column":4},"end":{"line":36,"column":5}},{"start":{"line":32,"column":4},"end":{"line":36,"column":5}}],"line":32},"3":{"loc":{"start":{"line":68,"column":25},"end":{"line":68,"column":49}},"type":"binary-expr","locations":[{"start":{"line":68,"column":25},"end":{"line":68,"column":35}},{"start":{"line":68,"column":39},"end":{"line":68,"column":49}}],"line":68},"4":{"loc":{"start":{"line":70,"column":4},"end":{"line":74,"column":5}},"type":"if","locations":[{"start":{"line":70,"column":4},"end":{"line":74,"column":5}},{"start":{"line":70,"column":4},"end":{"line":74,"column":5}}],"line":70},"5":{"loc":{"start":{"line":88,"column":4},"end":{"line":90,"column":48}},"type":"cond-expr","locations":[{"start":{"line":89,"column":8},"end":{"line":89,"column":47}},{"start":{"line":90,"column":8},"end":{"line":90,"column":48}}],"line":88}},"s":{"0":1,"1":1,"2":1,"3":1,"4":1,"5":6,"6":1,"7":1,"8":1,"9":0,"10":1,"11":1,"12":0,"13":0,"14":0,"15":0,"16":0,"17":0,"18":0,"19":0,"20":0,"21":0,"22":0,"23":0,"24":1,"25":0,"26":1,"27":0,"28":0,"29":0,"30":0,"31":0,"32":0,"33":0,"34":0,"35":0,"36":1,"37":0,"38":0,"39":0,"40":0,"41":1,"42":0,"43":1},"f":{"0":6,"1":1,"2":0,"3":0,"4":0,"5":0,"6":0},"b":{"0":[6,0],"1":[0,0],"2":[0,0],"3":[0,0],"4":[0,0],"5":[0,0]},"_coverageSchema":"1a1c01bbd47fc00a2c39e90264f33305004495a9","hash":"10521289ead6765441c81daf43444e53fec63564"}
,"/home/logan/repos/JavaScript/ResidencialFlorenApi/src/app/utils/date.utils.js": {"path":"/home/logan/repos/JavaScript/ResidencialFlorenApi/src/app/utils/date.utils.js","statementMap":{"0":{"start":{"line":1,"column":15},"end":{"line":1,"column":32}},"1":{"start":{"line":4,"column":19},"end":{"line":17,"column":1}},"2":{"start":{"line":20,"column":28},"end":{"line":21,"column":58}},"3":{"start":{"line":20,"column":35},"end":{"line":21,"column":55}},"4":{"start":{"line":23,"column":20},"end":{"line":24,"column":25}},"5":{"start":{"line":23,"column":27},"end":{"line":24,"column":22}},"6":{"start":{"line":26,"column":25},"end":{"line":26,"column":69}},"7":{"start":{"line":26,"column":32},"end":{"line":26,"column":66}},"8":{"start":{"line":28,"column":27},"end":{"line":28,"column":90}},"9":{"start":{"line":28,"column":34},"end":{"line":28,"column":87}},"10":{"start":{"line":31,"column":0},"end":{"line":37,"column":1}}},"fnMap":{"0":{"name":"(anonymous_0)","decl":{"start":{"line":20,"column":29},"end":{"line":20,"column":30}},"loc":{"start":{"line":20,"column":35},"end":{"line":21,"column":55}},"line":20},"1":{"name":"(anonymous_1)","decl":{"start":{"line":23,"column":21},"end":{"line":23,"column":22}},"loc":{"start":{"line":23,"column":27},"end":{"line":24,"column":22}},"line":23},"2":{"name":"(anonymous_2)","decl":{"start":{"line":26,"column":26},"end":{"line":26,"column":27}},"loc":{"start":{"line":26,"column":32},"end":{"line":26,"column":66}},"line":26},"3":{"name":"(anonymous_3)","decl":{"start":{"line":28,"column":28},"end":{"line":28,"column":29}},"loc":{"start":{"line":28,"column":34},"end":{"line":28,"column":87}},"line":28}},"branchMap":{},"s":{"0":1,"1":1,"2":1,"3":1,"4":1,"5":1,"6":1,"7":1,"8":1,"9":1,"10":1},"f":{"0":1,"1":1,"2":1,"3":1},"b":{},"_coverageSchema":"1a1c01bbd47fc00a2c39e90264f33305004495a9","hash":"aa24e48e1ee2340a703f66a49bee062ad0212691"}
,"/home/logan/repos/JavaScript/ResidencialFlorenApi/src/app/utils/scale.utils.js": {"path":"/home/logan/repos/JavaScript/ResidencialFlorenApi/src/app/utils/scale.utils.js","statementMap":{"0":{"start":{"line":1,"column":17},"end":{"line":1,"column":18}},"1":{"start":{"line":2,"column":15},"end":{"line":2,"column":16}},"2":{"start":{"line":4,"column":23},"end":{"line":8,"column":1}},"3":{"start":{"line":5,"column":2},"end":{"line":5,"column":58}},"4":{"start":{"line":5,"column":42},"end":{"line":5,"column":58}},"5":{"start":{"line":6,"column":2},"end":{"line":6,"column":41}},"6":{"start":{"line":6,"column":24},"end":{"line":6,"column":41}},"7":{"start":{"line":7,"column":2},"end":{"line":7,"column":17}},"8":{"start":{"line":10,"column":16},"end":{"line":14,"column":1}},"9":{"start":{"line":11,"column":28},"end":{"line":11,"column":61}},"10":{"start":{"line":12,"column":2},"end":{"line":12,"column":36}},"11":{"start":{"line":12,"column":25},"end":{"line":12,"column":36}},"12":{"start":{"line":13,"column":2},"end":{"line":13,"column":38}},"13":{"start":{"line":16,"column":0},"end":{"line":16,"column":44}}},"fnMap":{"0":{"name":"(anonymous_0)","decl":{"start":{"line":4,"column":23},"end":{"line":4,"column":24}},"loc":{"start":{"line":4,"column":32},"end":{"line":8,"column":1}},"line":4},"1":{"name":"(anonymous_1)","decl":{"start":{"line":10,"column":16},"end":{"line":10,"column":17}},"loc":{"start":{"line":10,"column":25},"end":{"line":14,"column":1}},"line":10}},"branchMap":{"0":{"loc":{"start":{"line":5,"column":2},"end":{"line":5,"column":58}},"type":"if","locations":[{"start":{"line":5,"column":2},"end":{"line":5,"column":58}},{"start":{"line":5,"column":2},"end":{"line":5,"column":58}}],"line":5},"1":{"loc":{"start":{"line":5,"column":6},"end":{"line":5,"column":40}},"type":"binary-expr","locations":[{"start":{"line":5,"column":7},"end":{"line":5,"column":19}},{"start":{"line":5,"column":25},"end":{"line":5,"column":39}}],"line":5},"2":{"loc":{"start":{"line":6,"column":2},"end":{"line":6,"column":41}},"type":"if","locations":[{"start":{"line":6,"column":2},"end":{"line":6,"column":41}},{"start":{"line":6,"column":2},"end":{"line":6,"column":41}}],"line":6},"3":{"loc":{"start":{"line":11,"column":28},"end":{"line":11,"column":61}},"type":"binary-expr","locations":[{"start":{"line":11,"column":28},"end":{"line":11,"column":40}},{"start":{"line":11,"column":44},"end":{"line":11,"column":61}}],"line":11},"4":{"loc":{"start":{"line":12,"column":2},"end":{"line":12,"column":36}},"type":"if","locations":[{"start":{"line":12,"column":2},"end":{"line":12,"column":36}},{"start":{"line":12,"column":2},"end":{"line":12,"column":36}}],"line":12}},"s":{"0":1,"1":1,"2":1,"3":0,"4":0,"5":0,"6":0,"7":0,"8":1,"9":0,"10":0,"11":0,"12":0,"13":1},"f":{"0":0,"1":0},"b":{"0":[0,0],"1":[0,0],"2":[0,0],"3":[0,0],"4":[0,0]},"_coverageSchema":"1a1c01bbd47fc00a2c39e90264f33305004495a9","hash":"0b45dac3196cd25885456e8034b3bfd815452277"}
,"/home/logan/repos/JavaScript/ResidencialFlorenApi/src/database/index.js": {"path":"/home/logan/repos/JavaScript/ResidencialFlorenApi/src/database/index.js","statementMap":{"0":{"start":{"line":1,"column":17},"end":{"line":1,"column":36}},"1":{"start":{"line":2,"column":0},"end":{"line":2,"column":26}},"2":{"start":{"line":4,"column":15},"end":{"line":8,"column":1}},"3":{"start":{"line":9,"column":0},"end":{"line":10,"column":62}},"4":{"start":{"line":9,"column":44},"end":{"line":9,"column":91}},"5":{"start":{"line":10,"column":7},"end":{"line":10,"column":60}},"6":{"start":{"line":11,"column":0},"end":{"line":11,"column":68}},"7":{"start":{"line":14,"column":0},"end":{"line":14,"column":25}}},"fnMap":{},"branchMap":{"0":{"loc":{"start":{"line":9,"column":0},"end":{"line":10,"column":62}},"type":"if","locations":[{"start":{"line":9,"column":0},"end":{"line":10,"column":62}},{"start":{"line":9,"column":0},"end":{"line":10,"column":62}}],"line":9}},"s":{"0":1,"1":1,"2":1,"3":1,"4":1,"5":0,"6":1,"7":1},"f":{},"b":{"0":[1,0]},"_coverageSchema":"1a1c01bbd47fc00a2c39e90264f33305004495a9","hash":"36dab9b95dd37f2f4c0bc1530fac5e83822a51c7"}
}
